***INI: Debug (1)...
***INI: DecimalChar (,)...
***INI: camposOffset (4)...
***INI: statusOffset (10)...
***INI: inicioEtiquetas (3)...
***INI: inicioCampos (30)...
***INI: ultimaLinea (1)...
***INI: CReqTAB (0)...
***INI: Yes (S)...
***INI: FechaGL (0)...
***INI: FechaTran (0)...
***INI: POOrderType (OP)...
***INI: P4310Version (ZJDE0001)...
***INI: BeginningStatus (220)...
***INI: LineUnitOfMeasure (EA)...
***INI: LineQty (1)...
***INI: LineIncrement (1)...
***INI: UPClen (13)...
***INI: SCClen (14)...
***INI: ItemMinLen (3)...
***INI: AutoItem (1)...
***INI: GetItemMasterBy (2)...
***INI: CrossRefTypeCode ()...
***INI: UbicProcess (0)...
***INI: ValidarUbicacion (0)...
***INI: UbicacionDflt (Q1C1)...
***INI: LotProcess (1)...
***INI: ValidarLote (0)...
***INI: LotExpirationDate (31/12/2010)...
***Seteo de lpBhvrCom, lpVoid y estructuras...
***Determina Almacen, Compania, Maquina, Fecha y ProcOpt...
***GetDefaultBranch (          30)...
***RetrieveCompanyFromBusUnit (00001)...
***GetDataDictionaryDefinition (0)...
***Inicializando panttalla datos entrada...
***Inicio OWDCmp02...
***Primera Vez: dibujando etiquetas...
***Dibujando campos...
***Fin OWDCmp02...
***camposContenido[0]...(18/05/2012)
***camposContenido[1]...(18/05/2012)
***camposContenido[2]...(          30)
***szDocGLDateBuf(18/05/2012) ...
***szDocTransDateBuf (18/05/2012)...
***szDocBranchPlantBuf (          30)...
***szDocBranchPlantBuf (          30), (szCompany:00001)...
***endwin OWDCmp90...
***Determina dsGetCrossReferenceFields...
***dsGetCrossReferenceFields (*)...
***F0010RetrieveCompanyConstant (Z/USD)...
***Comieza Procesamiento Encabezado...
***Inicializando 2da pantalla datos entrada...
***Inicio OWDCmp02...
***Primera Vez: dibujando etiquetas...
***Dibujando campos...
***Fin OWDCmp02...
***camposContenido[0]...(4347)
***camposContenido[1]...(OP)
***camposContenido[2]...(111)
***fCodigoProveedorBuf(4347)...
***szDocumentTypeBuf (OP)...
***szReferenciaClienteBuf(111)...
***Asignado dsF431BeginDoc...
***F4311BeginDoc...
***IsColumnInAddressBook(S&J Contracting               )...
***Inicializando 3ra pantalla datos entrada Línea...
***Inicio OWDCmp02...
***Primera Vez: dibujando etiquetas...
***Dibujando campos...
***Fin OWDCmp02...
***camposContenido[0]...(210)
***camposContenido[1]...()
***camposContenido[2]...(EA)
***camposContenido[3]...(1)
***szLineItemBuf(210                      )...
***Inicio GetBC...
***Seteo de lpBhvrCom, lpVoid y estructuras...
***GetItemMasterBy2ndItem (210                      )...
***dsGetItemMasterBy2ndItem UM/UMconv/sID(EA/  /60011)...
***lbFIN...
***exit OWDCgbc(0)...
***szLineItemBuf (210                      )...
***szUOMdefaultBuf (EA)...
***mnItemShortIDBuf (60011)...
***szItemDescriptionBuf (Mountain Bike, Red            )...
***mnCantIntroducidaBuf((null))...
***szLineUMBuf(EA)...
***No se proceso Ubicacion...
***szLocation (Q1C1)...
***Procesando Lotes...
***Lote introducido()...
***Asignado dsF4311EditLine...
***dsF4311EditLine...
***FormateaDecimalesCantidad: (1.)...
***Producto (210                      ) Cantidad (1./EA) Ubicacion(Q1.C1 .   /)...
***Warn(0): dsF4311EditLine: Warning: Item Location Record Not Found...
***Inicializando 3ra pantalla datos entrada Línea...
***Inicio OWDCmp02...
***Primera Vez: dibujando etiquetas...
***Dibujando campos...
***Fin OWDCmp02...
***camposContenido[0]...(220)
***camposContenido[1]...()
***camposContenido[2]...(EA)
***camposContenido[3]...(1)
***szLineItemBuf(220                      )...
***Inicio GetBC...
***Seteo de lpBhvrCom, lpVoid y estructuras...
***GetItemMasterBy2ndItem (220                      )...
***dsGetItemMasterBy2ndItem UM/UMconv/sID(EA/  /60038)...
***lbFIN...
***exit OWDCgbc(0)...
***szLineItemBuf (220                      )...
***szUOMdefaultBuf (EA)...
***mnItemShortIDBuf (60038)...
***szItemDescriptionBuf (Touring Bike, Red             )...
***mnCantIntroducidaBuf((null))...
***szLineUMBuf(EA)...
***No se proceso Ubicacion...
***szLocation (Q1C1)...
***Procesando Lotes...
***Lote introducido()...
***Asignado dsF4311EditLine...
***dsF4311EditLine...
***FormateaDecimalesCantidad: (1.)...
***Producto (220                      ) Cantidad (1./EA) Ubicacion(Q1.C1 .   /)...
***Warn(0): dsF4311EditLine: Warning: Item Location Record Not Found...
***Inicializando 3ra pantalla datos entrada Línea...
***Inicio OWDCmp02...
***Primera Vez: dibujando etiquetas...
***Dibujando campos...
***Fin OWDCmp02...
***camposContenido[0]...()
***camposContenido[1]...()
***camposContenido[2]...(EA)
***camposContenido[3]...(1)
***Inicializando 4ta panttalla datos Aceptacion orden...
***Inicio OWDCmp02...
***Primera Vez: dibujando etiquetas...
***Dibujando campos...
***Fin OWDCmp02...
***camposContenido[0]...(S)
***Asignado F4311EndDoc...
***F4311EndDoc...
***Error(618): F4311EndDoc: Error: Fiscal Year Not Set Up...
***endwin OWDCmp90...
***exit OWDCoc01(618)...
