***INI: Debug (1)...
***INI: DecimalChar (,)...
***INI: camposOffset (3)...
***INI: statusOffset (10)...
***INI: inicioEtiquetas (1)...
***INI: inicioCampos (16)...
***INI: ultimaLinea (1)...
***INI: CReqTAB (1)...
***INI: Yes (s)...
***INI: UPClen (13)...
***INI: SCClen (14)...
***INI: CrossRefTypeCode (B )...
***INI: UbicacionDflt (                    )...
***INI: ErrorValidarLote (0)...
***INI: GetItemMasterBy (0)...
***INI: LineQty (1)...
***Seteo de lpBhvrCom, lpVoid y estructuras...
***Determina Almacen, Compania, Maquina, Fecha y ProcOpt...
***GetDefaultBranch (          30)...
***RetrieveCompanyFromBusUnit (00001)...
***Determina dsGetCrossReferenceFields...
***dsGetCrossReferenceFields (*)...
***Abriendo Tabla F55DC02,F55DC021 y F41021...
***Construyendo Selection Tabla F55DC02...
***Ejecutando Select sobre Tabla F55DC02...
***Ejecutando Fetch sobre Tabla F55DC02...
***JDB_Fetch Conteo F55DC02 (276)...
***Inicializando 2 pantalla para la etiqueta de codigo de barras...
***endwin OWDCmp90...
***Inicio OWDCmp02.v3..
***endwin OWDCmp00...
***Primera Vez: dibujando etiquetas...
***Dibujando campos(0)...
***Fin OWDCmp02...
***camposContenido[0]...(210)
***Etiqueta (210)...
***Inicializando 2da pantalla Datos Detalle...
***Inicio GetBC...
***Seteo de lpBhvrCom, lpVoid y estructuras...
***VerifyAndGetItemXRef (210)...
***GetItemMasterByShortItem...(60011)
***Long.szUsrEntry/iUPClenBuf/iSCClenBuf (3/13/14)...
***exit OWDCgbc(0)...
***Inicio OWDCmp02.v3..
***endwin OWDCmp00...
***Primera Vez: dibujando etiquetas...
***Dibujando campos(0)...
