***INI: Debug (1)...
***INI: DecimalChar (,)...
***INI: camposOffset (4)...
***INI: statusOffset (10)...
***INI: inicioEtiquetas (3)...
***INI: inicioCampos (30)...
***INI: ultimaLinea (1)...
***INI: CReqTAB (0)...
***INI: Yes (S)...
***INI: FechaGL (0)...
***INI: FechaTran (0)...
***INI: POOrderType (OP)...
***INI: P4310Version (ZJDE0001)...
***INI: BeginningStatus (220)...
***INI: LineUnitOfMeasure (EA)...
***INI: LineQty (1)...
***INI: LineIncrement (1)...
***INI: UPClen (13)...
***INI: SCClen (14)...
***INI: ItemMinLen (3)...
***INI: AutoItem (1)...
***INI: GetItemMasterBy (2)...
***INI: CrossRefTypeCode ()...
***INI: UbicProcess (0)...
***INI: ValidarUbicacion (0)...
***INI: UbicacionDflt (Q1C1)...
***INI: LotProcess (1)...
***INI: ValidarLote (0)...
***INI: LotExpirationDate (31/12/2010)...
***Seteo de lpBhvrCom, lpVoid y estructuras...
***Determina Almacen, Compania, Maquina, Fecha y ProcOpt...
***GetDefaultBranch (          30)...
***RetrieveCompanyFromBusUnit (00001)...
***GetDataDictionaryDefinition (0)...
***Inicializando panttalla datos entrada...
***Inicio OWDCmp02...
***Primera Vez: dibujando etiquetas...
***Dibujando campos...
***Fin OWDCmp02...
***camposContenido[0]...(18/05/2012)
***camposContenido[1]...(18/05/2012)
***camposContenido[2]...(          30)
***szDocGLDateBuf(18/05/2012) ...
***szDocTransDateBuf (18/05/2012)...
***szDocBranchPlantBuf (          30)...
***szDocBranchPlantBuf (          30), (szCompany:00001)...
***endwin OWDCmp90...
***Determina dsGetCrossReferenceFields...
***dsGetCrossReferenceFields (*)...
***F0010RetrieveCompanyConstant (Z/USD)...
***Comieza Procesamiento Encabezado...
***Inicializando 2da pantalla datos entrada...
***Inicio OWDCmp02...
***Primera Vez: dibujando etiquetas...
***Dibujando campos...
***Fin OWDCmp02...
***camposContenido[0]...(1111)
***camposContenido[1]...(OP)
***camposContenido[2]...(ytyt)
***fCodigoProveedorBuf(1111)...
***szDocumentTypeBuf (OP)...
***szReferenciaClienteBuf(ytyt)...
***Asignado dsF431BeginDoc...
***F4311BeginDoc...
***Error(613): F4311BeginDoc: Error: Address Number - Invalid...
***Error(613): F4311BeginDoc: Error: Invalid Address Number...
***Inicio OWDCmp02...
***Dibujando campos...
***Fin OWDCmp02...
***camposContenido[0]...(1111)
***camposContenido[1]...(OP)
***camposContenido[2]...(ytyt)
***fCodigoProveedorBuf(1111)...
***szDocumentTypeBuf (OP)...
***szReferenciaClienteBuf(ytyt)...
***Asignado dsF431BeginDoc...
***F4311BeginDoc...
***Error(613): F4311BeginDoc: Error: Address Number - Invalid...
***Error(613): F4311BeginDoc: Error: Invalid Address Number...
***Inicio OWDCmp02...
***Dibujando campos...
***Fin OWDCmp02...
***camposContenido[0]...(1111)
***camposContenido[1]...(OP)
***camposContenido[2]...(ytyt)
***fCodigoProveedorBuf(1111)...
***szDocumentTypeBuf (OP)...
***szReferenciaClienteBuf(ytyt)...
***Asignado dsF431BeginDoc...
***F4311BeginDoc...
***Error(613): F4311BeginDoc: Error: Address Number - Invalid...
***Error(613): F4311BeginDoc: Error: Invalid Address Number...
***Inicio OWDCmp02...
***Dibujando campos...
***Fin OWDCmp02...
***camposContenido[0]...(1111)
***camposContenido[1]...(OP)
***camposContenido[2]...(ytyt)
***fCodigoProveedorBuf(1111)...
***szDocumentTypeBuf (OP)...
***szReferenciaClienteBuf(ytyt)...
***Asignado dsF431BeginDoc...
***F4311BeginDoc...
***Error(613): F4311BeginDoc: Error: Address Number - Invalid...
***Error(613): F4311BeginDoc: Error: Invalid Address Number...
***Inicio OWDCmp02...
***Dibujando campos...
***Fin OWDCmp02...
***camposContenido[0]...(1111)
***camposContenido[1]...(OP)
***camposContenido[2]...(ytyt)
***fCodigoProveedorBuf(1111)...
***szDocumentTypeBuf (OP)...
***szReferenciaClienteBuf(ytyt)...
***Asignado dsF431BeginDoc...
***F4311BeginDoc...
***Error(613): F4311BeginDoc: Error: Address Number - Invalid...
***Error(613): F4311BeginDoc: Error: Invalid Address Number...
***Inicio OWDCmp02...
***Dibujando campos...
***Fin OWDCmp02...
***camposContenido[0]...(1111)
***camposContenido[1]...(OP)
***camposContenido[2]...(ytyt)
***fCodigoProveedorBuf(1111)...
***szDocumentTypeBuf (OP)...
***szReferenciaClienteBuf(ytyt)...
***Asignado dsF431BeginDoc...
***F4311BeginDoc...
***Error(613): F4311BeginDoc: Error: Address Number - Invalid...
***Error(613): F4311BeginDoc: Error: Invalid Address Number...
***Inicio OWDCmp02...
***Dibujando campos...
***Fin OWDCmp02...
***camposContenido[0]...(1111)
***camposContenido[1]...(OP)
***camposContenido[2]...(ytyt)
***fCodigoProveedorBuf(1111)...
***szDocumentTypeBuf (OP)...
***szReferenciaClienteBuf(ytyt)...
***Asignado dsF431BeginDoc...
***F4311BeginDoc...
***Error(613): F4311BeginDoc: Error: Address Number - Invalid...
***Error(613): F4311BeginDoc: Error: Invalid Address Number...
***Inicio OWDCmp02...
***Dibujando campos...
***Fin OWDCmp02...
***camposContenido[0]...(1111)
***camposContenido[1]...(OP)
***camposContenido[2]...(ytyt)
***fCodigoProveedorBuf(1111)...
***szDocumentTypeBuf (OP)...
***szReferenciaClienteBuf(ytyt)...
***Asignado dsF431BeginDoc...
***F4311BeginDoc...
***Error(613): F4311BeginDoc: Error: Address Number - Invalid...
***Error(613): F4311BeginDoc: Error: Invalid Address Number...
***Inicio OWDCmp02...
***Dibujando campos...
***Fin OWDCmp02...
***camposContenido[0]...(1111)
***camposContenido[1]...(OP)
***camposContenido[2]...(ytyt)
***fCodigoProveedorBuf(1111)...
***szDocumentTypeBuf (OP)...
***szReferenciaClienteBuf(ytyt)...
***Asignado dsF431BeginDoc...
***F4311BeginDoc...
***Error(613): F4311BeginDoc: Error: Address Number - Invalid...
***Error(613): F4311BeginDoc: Error: Invalid Address Number...
***Inicio OWDCmp02...
***Dibujando campos...
***Fin OWDCmp02...
***camposContenido[0]...()
***camposContenido[1]...(OP)
***camposContenido[2]...(ytyt)
***endwin OWDCmp90...
***exit OWDCoc01(0)...
