***INI: Debug (1)...
***INI: Leng (S)...
***INI: szUsrID (DEMO)...
***INI: szUsrPass (DEMO)...
***INI: szUsrEnv (DEMO900)...
***INI: StandAlone (1)...
***INI: camposOffset (4)...
***INI: statusOffset (10)...
***INI: inicioEtiquetas (3)...
***INI: inicioCampos (30)...
***INI: ultimaLinea (1)...
***INI: CReqTAB (0)...
***Inicio OWDCmp02...
***Primera Vez: dibujando etiquetas...
***Dibujando campos...
***Fin OWDCmp02...
***camposContenido[0]...(DEMO900)
***camposContenido[1]...(DEMO)
***camposContenido[2]...(DEMO)
***szUsrEnv(DEMO900)...
***szUsrID(DEMO)...
***szUsrPass(DEMO)...
***endwin OWDCmp90...
***Dibujando Ménu
***Inicio OWDCmp01...
***Dibujando etiquetas...
***Fin OWDCmp02...(0)
***endwin OWDCmp90...
***exit main (0)...
