***INI: Debug (1)...
***INI: camposOffset (4)...
***INI: statusOffset (10)...
***INI: inicioEtiquetas (3)...
***INI: inicioCampos (30)...
***INI: ultimaLinea (1)...
***INI: CReqTAB (0)...
***INI: SeparadorEtiqueta (/)...
***INI: Yes (S)...
***INI: DecimalChar (,)...
***INI: FechaTran (0)...
***INI: P4205VersionName (ZJDE0001)...
***INI: StatusNextFrom (540)...
***INI: StatusNextThru (560)...
***INI: UPClen (13)...
***INI: SCClen (14)...
***INI: CrossRefTypeCode ( )...
***INI: LotProcess (1)...
***INI: PreventOverShipping (1)...
***INI: ShipFromNegative (1)...
***INI: LineQty (1)...
***Seteo de lpBhvrCom, lpVoid y estructuras...
***Determina Almacen, Compania, Maquina, Fecha y ProcOpt...
***GetDefaultBranch (          30)...
***RetrieveCompanyFromBusUnit (00001)...
***Inicializando 1ra pantalla datos entrada...
***Inicio OWDCmp02...
***Primera Vez: dibujando etiquetas...
***Dibujando campos...
***Fin OWDCmp02...
***camposContenido[0]...(18/05/2012)
***camposContenido[1]...(          30)
***szDocTransDateBuf (18/05/2012)...
***szDocBranchPlantBuf (          30)...
***szDocBranchPlantBuf (          30), (szCompany:00001)...
***endwin OWDCmp90...
***Determina dsGetCrossReferenceFields...
***dsGetCrossReferenceFields (*)...
***Carga en Cache Registros de Pick Slip...
***Abriendo Tabla F4211...
***Inicializando 2da pantalla datos entrada...
***Loop Carga en Cache Registros de Pick Slip...
***Inicio OWDCmp02...
***Primera Vez: dibujando etiquetas...
***Dibujando campos...
***Fin OWDCmp02...
***camposContenido[0]...()
***Break de PickSlip...
***Break de PickSlip: (iPickSlipNumbreBuf == 0)...
***endwin OWDCmp90...
***exit OWDCce01(0)...
