***INI: Debug (1)...
***INI: DecimalChar (,)...
***INI: camposOffset (3)...
***INI: statusOffset (10)...
***INI: inicioEtiquetas (1)...
***INI: inicioCampos (16)...
***INI: ultimaLinea (1)...
***INI: CReqTAB (1)...
***INI: Yes (s)...
***INI: UPClen (13)...
***INI: SCClen (14)...
***INI: CrossRefTypeCode (B )...
***INI: GetItemMasterBy (0)...
***Seteo de lpBhvrCom, lpVoid y estructuras...
***Determina Almacen, Compania, Maquina, Fecha y ProcOpt...
***GetDefaultBranch (          30)...
***RetrieveCompanyFromBusUnit (00001)...
***Determina dsGetCrossReferenceFields...
***dsGetCrossReferenceFields (*)...
***Abriendo Tabla F55DC01...
***Inicializando 1ra pantalla para la etiqueta de codigo de barras...
***endwin OWDCmp90...
***Inicio OWDCmp02.v3..
***endwin OWDCmp00...
***Primera Vez: dibujando etiquetas...
***Dibujando campos(0)...
***Fin OWDCmp02...
***camposContenido[0]...(220)
***Etiqueta (220)...
***Inicializando 2da pantalla Datos Detalle...
***Inicio GetBC...
***Seteo de lpBhvrCom, lpVoid y estructuras...
***VerifyAndGetItemXRef (220)...
***GetItemMasterBy2ndItem (220)...
***dsGetItemMasterBy2ndItem UM/UMconv/sID(EA/  /60038)...
***exit OWDCgbc(0)...
***LszLineItemBuf (220)...
***LszUOMdefaultBuf (EA)...
***mnItemShortIDBuf (60038)...
***Código escaneado SI existe...
***Mostrando/capturando info codigo barra...
***Inicio OWDCmp02.v3..
***endwin OWDCmp00...
***Primera Vez: dibujando etiquetas...
***Dibujando campos(8)...
***Fin OWDCmp02...
***camposContenido[0]...(220)
***camposContenido[1]...(Touring Bike, Red             )
***camposContenido[2]...(200T                )
***camposContenido[3]...(EA    )
***Sacando copia de lo recien capturado...
***Inicializando pantalla Pregunta al Operador...
***Inicio OWDCmp02.v3..
***endwin OWDCmp00...
***Primera Vez: dibujando etiquetas...
***Dibujando campos(0)...
***Fin OWDCmp02...
***camposContenido[0]...(N)
**Corrigiendo info codigo barra...
***Inicio OWDCmp02.v3..
***endwin OWDCmp00...
***Dibujando campos(1)...
